<?xml version="1.0" encoding="utf-8"?><testsuites name="pytest tests"><testsuite name="pytest" errors="0" failures="0" skipped="0" tests="9" time="2.716" timestamp="2026-08-05T07:30:51.714663+00:00" hostname="agent-env-080627b4-3c4e-4017-9e30-e52844a43224"><testcase classname="tests.test_admin_leaves_tasks.TestAdminDashboard" name="test_dashboard_stats" time="1.042" /><testcase classname="tests.test_admin_leaves_tasks.TestRoleChange" name="test_promote_to_hr_and_back" time="1.194" /><testcase classname="tests.test_admin_leaves_tasks.TestAdminDashboard" name="test_employee_status_admin" time="0.122" /><testcase classname="tests.test_admin_leaves_tasks.TestRoleChange" name="test_non_super_admin_cannot_promote_to_admin" time="0.089" /><testcase classname="tests.test_admin_leaves_tasks.TestTasksWorkType" name="test_create_task_with_wfh" time="0.327" /><testcase classname="tests.test_admin_leaves_tasks.TestTasksWorkType" name="test_task_defaults_to_in_office" time="0.198" /><testcase classname="tests.test_admin_leaves_tasks.TestAdminDashboard" name="test_employee_status_forbidden_for_employee" time="0.568" /><testcase classname="tests.test_admin_leaves_tasks.TestAdminDashboard" name="test_employee_stats_admin" time="0.081" /><testcase classname="tests.test_admin_leaves_tasks.TestLeaves" name="test_employee_creates_and_admin_approves" time="0.413" /></testsuite></testsuites>