<?xml version="1.0" encoding="utf-8"?><testsuites name="pytest tests"><testsuite name="pytest" errors="0" failures="1" skipped="0" tests="1" time="1.545" timestamp="2026-08-17T09:23:25.126959+00:00" hostname="agent-env-d7671c39-82c9-46ef-b091-345c37021dd2"><testcase classname="tests.test_dispatch_edit_clear_iter19" name="test_clear_remarks_persists_and_audits" time="1.193"><failure message="AssertionError: explicit null did not clear persisted remarks; audit old_value missing original remarks: {}; audit new_value missing remarks:null: {}&#10;assert not ['explicit null did not clear persisted remarks', 'audit old_value missing original remarks: {}', 'audit new_value missing remarks:null: {}']">backend/tests/test_dispatch_edit_clear_iter19.py:82: in test_clear_remarks_persists_and_audits
    assert not issues, "; ".join(issues)
E   AssertionError: explicit null did not clear persisted remarks; audit old_value missing original remarks: {}; audit new_value missing remarks:null: {}
E   assert not ['explicit null did not clear persisted remarks', 'audit old_value missing original remarks: {}', 'audit new_value missing remarks:null: {}']</failure></testcase></testsuite></testsuites>