<?xml version="1.0" encoding="utf-8"?><testsuites name="pytest tests"><testsuite name="pytest" errors="0" failures="1" skipped="0" tests="23" time="7.652" timestamp="2026-08-17T08:00:39.254800+00:00" hostname="agent-env-d7671c39-82c9-46ef-b091-345c37021dd2"><testcase classname="tests.test_dispatch_iter14" name="test_health_and_admin_login_permissions" time="0.757" /><testcase classname="tests.test_dispatch_iter14" name="test_permission_registry_requires_auth_and_returns_codes" time="0.114" /><testcase classname="tests.test_dispatch_iter14" name="test_client_crud_soft_delete" time="0.245" /><testcase classname="tests.test_dispatch_iter14" name="test_vendor_crud_soft_delete" time="0.428" /><testcase classname="tests.test_dispatch_iter14" name="test_officer_status_transitions_and_invalid_status" time="0.981" /><testcase classname="tests.test_dispatch_iter14" name="test_create_officer_invalid_status_is_400" time="0.051" /><testcase classname="tests.test_dispatch_iter14" name="test_post_pin_duplicate_is_rejected" time="0.032" /><testcase classname="tests.test_dispatch_iter14" name="test_schedule_duty_hours_are_backend_computed" time="0.146" /><testcase classname="tests.test_dispatch_iter14" name="test_officer_overlapping_schedule_conflict_409" time="0.077" /><testcase classname="tests.test_dispatch_iter14" name="test_schedule_id_filters[officer_id-officer]" time="0.048" /><testcase classname="tests.test_dispatch_iter14" name="test_schedule_id_filters[vendor_id-vendor]" time="0.036" /><testcase classname="tests.test_dispatch_iter14" name="test_schedule_id_filters[client_id-client]" time="0.036" /><testcase classname="tests.test_dispatch_iter14" name="test_schedule_id_filters[post_site_id-post]" time="0.033" /><testcase classname="tests.test_dispatch_iter14" name="test_schedule_post_pin_regex_filter" time="0.035" /><testcase classname="tests.test_dispatch_iter14" name="test_schedule_enum_date_and_combined_filters" time="0.246" /><testcase classname="tests.test_dispatch_iter14" name="test_schedule_pagination_contract" time="0.037" /><testcase classname="tests.test_dispatch_iter14" name="test_confirmation_updates_schedule_and_history" time="0.221" /><testcase classname="tests.test_dispatch_iter14" name="test_employee_without_permissions_gets_403" time="0.693" /><testcase classname="tests.test_dispatch_iter14" name="test_employee_financial_fields_are_protected" time="0.780" /><testcase classname="tests.test_dispatch_iter14" name="test_create_employee_response_returns_supplied_permissions" time="0.268"><failure message="AssertionError: assert [] == ['dispatch.sc...clients.view']&#10;  &#10;  Right contains 2 more items, first extra item: 'dispatch.schedule.view'&#10;  &#10;  Full diff:&#10;  + []&#10;  - [&#10;  -     'dispatch.schedule.view',&#10;  -     'dispatch.clients.view',&#10;  - ]">backend/tests/test_dispatch_iter14.py:501: in test_create_employee_response_returns_supplied_permissions
    assert employee["permissions"] == expected
E   AssertionError: assert [] == ['dispatch.sc...clients.view']
E     
E     Right contains 2 more items, first extra item: 'dispatch.schedule.view'
E     
E     Full diff:
E     + []
E     - [
E     -     'dispatch.schedule.view',
E     -     'dispatch.clients.view',
E     - ]</failure></testcase><testcase classname="tests.test_dispatch_iter14" name="test_hd_role_bypasses_dispatch_permissions" time="0.945" /><testcase classname="tests.test_dispatch_iter14" name="test_dashboard_stats_contract" time="0.079" /><testcase classname="tests.test_dispatch_iter14" name="test_existing_officeflow_core_endpoints_smoke" time="0.942" /></testsuite></testsuites>