<?xml version="1.0" encoding="utf-8"?><testsuites name="pytest tests"><testsuite name="pytest" errors="0" failures="3" skipped="0" tests="5" time="3.632" timestamp="2026-08-17T09:15:24.775052+00:00" hostname="agent-env-d7671c39-82c9-46ef-b091-345c37021dd2"><testcase classname="tests.test_dispatch_actions_iter18" name="test_created_action_exists_with_complete_contract" time="1.241"><failure message="AssertionError: Created history entry is missing required field: remarks&#10;assert 'remarks' in {'schedule_id': '6a82d12d3a4be10e48302413', 'action': 'Created', 'old_value': None, 'new_value': 'Not Started', ...}">backend/tests/test_dispatch_actions_iter18.py:125: in test_created_action_exists_with_complete_contract
    assert field in created, f"Created history entry is missing required field: {field}"
E   AssertionError: Created history entry is missing required field: remarks
E   assert 'remarks' in {'schedule_id': '6a82d12d3a4be10e48302413', 'action': 'Created', 'old_value': None, 'new_value': 'Not Started', ...}</failure></testcase><testcase classname="tests.test_dispatch_actions_iter18" name="test_status_updates_and_full_action_history" time="0.459"><failure message="AssertionError: Created entry missing required field: remarks&#10;assert 'remarks' in {'schedule_id': '6a82d12d3a4be10e48302413', 'action': 'Created', 'old_value': None, 'new_value': 'Not Started', ...}">backend/tests/test_dispatch_actions_iter18.py:194: in test_status_updates_and_full_action_history
    assert field in entry, f"{entry.get('action')} entry missing required field: {field}"
E   AssertionError: Created entry missing required field: remarks
E   assert 'remarks' in {'schedule_id': '6a82d12d3a4be10e48302413', 'action': 'Created', 'old_value': None, 'new_value': 'Not Started', ...}</failure></testcase><testcase classname="tests.test_dispatch_actions_iter18" name="test_invalid_status_returns_400_without_mutation" time="0.242" /><testcase classname="tests.test_dispatch_actions_iter18" name="test_view_only_employee_actions_rbac" time="0.455" /><testcase classname="tests.test_dispatch_actions_iter18" name="test_cancel_and_delete_are_logged" time="0.879"><failure message="AssertionError: Deleted history entry is missing required field: remarks&#10;assert 'remarks' in {'schedule_id': '6a82d12d3a4be10e48302417', 'action': 'Deleted', 'old_value': 'Not Started', 'new_value': None, ...}">backend/tests/test_dispatch_actions_iter18.py:259: in test_cancel_and_delete_are_logged
    assert field in deleted_entry, f"Deleted history entry is missing required field: {field}"
E   AssertionError: Deleted history entry is missing required field: remarks
E   assert 'remarks' in {'schedule_id': '6a82d12d3a4be10e48302417', 'action': 'Deleted', 'old_value': 'Not Started', 'new_value': None, ...}</failure></testcase></testsuite></testsuites>