<?xml version="1.0" encoding="utf-8"?><testsuites name="pytest tests"><testsuite name="pytest" errors="15" failures="0" skipped="3" tests="18" time="0.764" timestamp="2026-08-17T07:59:35.908070+00:00" hostname="agent-env-d7671c39-82c9-46ef-b091-345c37021dd2"><testcase classname="tests.test_iter12_offices_bulkshifts.TestBulkShifts" name="test_bulk_create_success" time="0.262"><error message="failed on setup with &quot;AssertionError: login failed: 401 {&quot;detail&quot;:&quot;Invalid email or password&quot;}&#10;assert 401 == 200&#10; +  where 401 = &lt;Response [401]&gt;.status_code&quot;">backend/tests/test_iter12_offices_bulkshifts.py:31: in admin
    return _login(ADMIN_EMAIL, ADMIN_PASS)
           ^^^^^^^^^^^^^^^^^^^^^^^^^^^^^^^
backend/tests/test_iter12_offices_bulkshifts.py:21: in _login
    assert r.status_code == 200, f"login failed: {r.status_code} {r.text}"
E   AssertionError: login failed: 401 {"detail":"Invalid email or password"}
E   assert 401 == 200
E    +  where 401 = &lt;Response [401]&gt;.status_code</error></testcase><testcase classname="tests.test_iter12_offices_bulkshifts.TestBulkShifts" name="test_bulk_overlap_skip" time="0.000"><error message="failed on setup with &quot;AssertionError: login failed: 401 {&quot;detail&quot;:&quot;Invalid email or password&quot;}&#10;assert 401 == 200&#10; +  where 401 = &lt;Response [401]&gt;.status_code&quot;">backend/tests/test_iter12_offices_bulkshifts.py:31: in admin
    return _login(ADMIN_EMAIL, ADMIN_PASS)
           ^^^^^^^^^^^^^^^^^^^^^^^^^^^^^^^
backend/tests/test_iter12_offices_bulkshifts.py:21: in _login
    assert r.status_code == 200, f"login failed: {r.status_code} {r.text}"
E   AssertionError: login failed: 401 {"detail":"Invalid email or password"}
E   assert 401 == 200
E    +  where 401 = &lt;Response [401]&gt;.status_code</error></testcase><testcase classname="tests.test_iter12_offices_bulkshifts.TestReports" name="test_summary_admin" time="0.271"><error message="failed on setup with &quot;AssertionError: login failed: 401 {&quot;detail&quot;:&quot;Invalid email or password&quot;}&#10;assert 401 == 200&#10; +  where 401 = &lt;Response [401]&gt;.status_code&quot;">backend/tests/test_iter12_offices_bulkshifts.py:31: in admin
    return _login(ADMIN_EMAIL, ADMIN_PASS)
           ^^^^^^^^^^^^^^^^^^^^^^^^^^^^^^^
backend/tests/test_iter12_offices_bulkshifts.py:21: in _login
    assert r.status_code == 200, f"login failed: {r.status_code} {r.text}"
E   AssertionError: login failed: 401 {"detail":"Invalid email or password"}
E   assert 401 == 200
E    +  where 401 = &lt;Response [401]&gt;.status_code</error></testcase><testcase classname="tests.test_iter12_offices_bulkshifts.TestBulkShifts" name="test_bulk_empty_users_400" time="0.000"><error message="failed on setup with &quot;AssertionError: login failed: 401 {&quot;detail&quot;:&quot;Invalid email or password&quot;}&#10;assert 401 == 200&#10; +  where 401 = &lt;Response [401]&gt;.status_code&quot;">backend/tests/test_iter12_offices_bulkshifts.py:31: in admin
    return _login(ADMIN_EMAIL, ADMIN_PASS)
           ^^^^^^^^^^^^^^^^^^^^^^^^^^^^^^^
backend/tests/test_iter12_offices_bulkshifts.py:21: in _login
    assert r.status_code == 200, f"login failed: {r.status_code} {r.text}"
E   AssertionError: login failed: 401 {"detail":"Invalid email or password"}
E   assert 401 == 200
E    +  where 401 = &lt;Response [401]&gt;.status_code</error></testcase><testcase classname="tests.test_iter12_offices_bulkshifts.TestReports" name="test_attendance_admin" time="0.000"><error message="failed on setup with &quot;AssertionError: login failed: 401 {&quot;detail&quot;:&quot;Invalid email or password&quot;}&#10;assert 401 == 200&#10; +  where 401 = &lt;Response [401]&gt;.status_code&quot;">backend/tests/test_iter12_offices_bulkshifts.py:31: in admin
    return _login(ADMIN_EMAIL, ADMIN_PASS)
           ^^^^^^^^^^^^^^^^^^^^^^^^^^^^^^^
backend/tests/test_iter12_offices_bulkshifts.py:21: in _login
    assert r.status_code == 200, f"login failed: {r.status_code} {r.text}"
E   AssertionError: login failed: 401 {"detail":"Invalid email or password"}
E   assert 401 == 200
E    +  where 401 = &lt;Response [401]&gt;.status_code</error></testcase><testcase classname="tests.test_iter12_offices_bulkshifts.TestBulkShifts" name="test_bulk_empty_days_400" time="0.000"><error message="failed on setup with &quot;AssertionError: login failed: 401 {&quot;detail&quot;:&quot;Invalid email or password&quot;}&#10;assert 401 == 200&#10; +  where 401 = &lt;Response [401]&gt;.status_code&quot;">backend/tests/test_iter12_offices_bulkshifts.py:31: in admin
    return _login(ADMIN_EMAIL, ADMIN_PASS)
           ^^^^^^^^^^^^^^^^^^^^^^^^^^^^^^^
backend/tests/test_iter12_offices_bulkshifts.py:21: in _login
    assert r.status_code == 200, f"login failed: {r.status_code} {r.text}"
E   AssertionError: login failed: 401 {"detail":"Invalid email or password"}
E   assert 401 == 200
E    +  where 401 = &lt;Response [401]&gt;.status_code</error></testcase><testcase classname="tests.test_iter12_offices_bulkshifts.TestReports" name="test_payroll_admin" time="0.000"><error message="failed on setup with &quot;AssertionError: login failed: 401 {&quot;detail&quot;:&quot;Invalid email or password&quot;}&#10;assert 401 == 200&#10; +  where 401 = &lt;Response [401]&gt;.status_code&quot;">backend/tests/test_iter12_offices_bulkshifts.py:31: in admin
    return _login(ADMIN_EMAIL, ADMIN_PASS)
           ^^^^^^^^^^^^^^^^^^^^^^^^^^^^^^^
backend/tests/test_iter12_offices_bulkshifts.py:21: in _login
    assert r.status_code == 200, f"login failed: {r.status_code} {r.text}"
E   AssertionError: login failed: 401 {"detail":"Invalid email or password"}
E   assert 401 == 200
E    +  where 401 = &lt;Response [401]&gt;.status_code</error></testcase><testcase classname="tests.test_iter12_offices_bulkshifts.TestReports" name="test_overtime_admin" time="0.000"><error message="failed on setup with &quot;AssertionError: login failed: 401 {&quot;detail&quot;:&quot;Invalid email or password&quot;}&#10;assert 401 == 200&#10; +  where 401 = &lt;Response [401]&gt;.status_code&quot;">backend/tests/test_iter12_offices_bulkshifts.py:31: in admin
    return _login(ADMIN_EMAIL, ADMIN_PASS)
           ^^^^^^^^^^^^^^^^^^^^^^^^^^^^^^^
backend/tests/test_iter12_offices_bulkshifts.py:21: in _login
    assert r.status_code == 200, f"login failed: {r.status_code} {r.text}"
E   AssertionError: login failed: 401 {"detail":"Invalid email or password"}
E   assert 401 == 200
E    +  where 401 = &lt;Response [401]&gt;.status_code</error></testcase><testcase classname="tests.test_iter12_offices_bulkshifts.TestReports" name="test_reports_employee_403" time="0.074"><skipped type="pytest.skip" message="Employee login unavailable: 401">/app/backend/tests/test_iter12_offices_bulkshifts.py:216: Employee login unavailable: 401</skipped></testcase><testcase classname="tests.test_iter12_offices_bulkshifts.TestOfficeGeocoding" name="test_geocode_valid_address" time="0.000"><error message="failed on setup with &quot;AssertionError: login failed: 401 {&quot;detail&quot;:&quot;Invalid email or password&quot;}&#10;assert 401 == 200&#10; +  where 401 = &lt;Response [401]&gt;.status_code&quot;">backend/tests/test_iter12_offices_bulkshifts.py:31: in admin
    return _login(ADMIN_EMAIL, ADMIN_PASS)
           ^^^^^^^^^^^^^^^^^^^^^^^^^^^^^^^
backend/tests/test_iter12_offices_bulkshifts.py:21: in _login
    assert r.status_code == 200, f"login failed: {r.status_code} {r.text}"
E   AssertionError: login failed: 401 {"detail":"Invalid email or password"}
E   assert 401 == 200
E    +  where 401 = &lt;Response [401]&gt;.status_code</error></testcase><testcase classname="tests.test_iter12_offices_bulkshifts.TestOfficeGeocoding" name="test_geocode_missing_address" time="0.000"><error message="failed on setup with &quot;AssertionError: login failed: 401 {&quot;detail&quot;:&quot;Invalid email or password&quot;}&#10;assert 401 == 200&#10; +  where 401 = &lt;Response [401]&gt;.status_code&quot;">backend/tests/test_iter12_offices_bulkshifts.py:31: in admin
    return _login(ADMIN_EMAIL, ADMIN_PASS)
           ^^^^^^^^^^^^^^^^^^^^^^^^^^^^^^^
backend/tests/test_iter12_offices_bulkshifts.py:21: in _login
    assert r.status_code == 200, f"login failed: {r.status_code} {r.text}"
E   AssertionError: login failed: 401 {"detail":"Invalid email or password"}
E   assert 401 == 200
E    +  where 401 = &lt;Response [401]&gt;.status_code</error></testcase><testcase classname="tests.test_iter12_offices_bulkshifts.TestOfficeGeocoding" name="test_geocode_available_to_employee" time="0.000"><skipped type="pytest.skip" message="Employee login unavailable: 401">/app/backend/tests/test_iter12_offices_bulkshifts.py:63: Employee login unavailable: 401</skipped></testcase><testcase classname="tests.test_iter12_offices_bulkshifts.TestBulkShifts" name="test_bulk_employee_403" time="0.111"><skipped type="pytest.skip" message="Employee login unavailable: 401">/app/backend/tests/test_iter12_offices_bulkshifts.py:173: Employee login unavailable: 401</skipped></testcase><testcase classname="tests.test_iter12_offices_bulkshifts.TestBulkShifts" name="test_cleanup_shifts" time="0.000"><error message="failed on setup with &quot;AssertionError: login failed: 401 {&quot;detail&quot;:&quot;Invalid email or password&quot;}&#10;assert 401 == 200&#10; +  where 401 = &lt;Response [401]&gt;.status_code&quot;">backend/tests/test_iter12_offices_bulkshifts.py:31: in admin
    return _login(ADMIN_EMAIL, ADMIN_PASS)
           ^^^^^^^^^^^^^^^^^^^^^^^^^^^^^^^
backend/tests/test_iter12_offices_bulkshifts.py:21: in _login
    assert r.status_code == 200, f"login failed: {r.status_code} {r.text}"
E   AssertionError: login failed: 401 {"detail":"Invalid email or password"}
E   assert 401 == 200
E    +  where 401 = &lt;Response [401]&gt;.status_code</error></testcase><testcase classname="tests.test_iter12_offices_bulkshifts.TestOfficeCreate" name="test_create_office_address_only" time="0.000"><error message="failed on setup with &quot;AssertionError: login failed: 401 {&quot;detail&quot;:&quot;Invalid email or password&quot;}&#10;assert 401 == 200&#10; +  where 401 = &lt;Response [401]&gt;.status_code&quot;">backend/tests/test_iter12_offices_bulkshifts.py:31: in admin
    return _login(ADMIN_EMAIL, ADMIN_PASS)
           ^^^^^^^^^^^^^^^^^^^^^^^^^^^^^^^
backend/tests/test_iter12_offices_bulkshifts.py:21: in _login
    assert r.status_code == 200, f"login failed: {r.status_code} {r.text}"
E   AssertionError: login failed: 401 {"detail":"Invalid email or password"}
E   assert 401 == 200
E    +  where 401 = &lt;Response [401]&gt;.status_code</error></testcase><testcase classname="tests.test_iter12_offices_bulkshifts.TestOfficeCreate" name="test_create_office_name_only_400" time="0.000"><error message="failed on setup with &quot;AssertionError: login failed: 401 {&quot;detail&quot;:&quot;Invalid email or password&quot;}&#10;assert 401 == 200&#10; +  where 401 = &lt;Response [401]&gt;.status_code&quot;">backend/tests/test_iter12_offices_bulkshifts.py:31: in admin
    return _login(ADMIN_EMAIL, ADMIN_PASS)
           ^^^^^^^^^^^^^^^^^^^^^^^^^^^^^^^
backend/tests/test_iter12_offices_bulkshifts.py:21: in _login
    assert r.status_code == 200, f"login failed: {r.status_code} {r.text}"
E   AssertionError: login failed: 401 {"detail":"Invalid email or password"}
E   assert 401 == 200
E    +  where 401 = &lt;Response [401]&gt;.status_code</error></testcase><testcase classname="tests.test_iter12_offices_bulkshifts.TestOfficeCreate" name="test_create_office_with_explicit_coords" time="0.000"><error message="failed on setup with &quot;AssertionError: login failed: 401 {&quot;detail&quot;:&quot;Invalid email or password&quot;}&#10;assert 401 == 200&#10; +  where 401 = &lt;Response [401]&gt;.status_code&quot;">backend/tests/test_iter12_offices_bulkshifts.py:31: in admin
    return _login(ADMIN_EMAIL, ADMIN_PASS)
           ^^^^^^^^^^^^^^^^^^^^^^^^^^^^^^^
backend/tests/test_iter12_offices_bulkshifts.py:21: in _login
    assert r.status_code == 200, f"login failed: {r.status_code} {r.text}"
E   AssertionError: login failed: 401 {"detail":"Invalid email or password"}
E   assert 401 == 200
E    +  where 401 = &lt;Response [401]&gt;.status_code</error></testcase><testcase classname="tests.test_iter12_offices_bulkshifts.TestOfficeCreate" name="test_cleanup" time="0.000"><error message="failed on setup with &quot;AssertionError: login failed: 401 {&quot;detail&quot;:&quot;Invalid email or password&quot;}&#10;assert 401 == 200&#10; +  where 401 = &lt;Response [401]&gt;.status_code&quot;">backend/tests/test_iter12_offices_bulkshifts.py:31: in admin
    return _login(ADMIN_EMAIL, ADMIN_PASS)
           ^^^^^^^^^^^^^^^^^^^^^^^^^^^^^^^
backend/tests/test_iter12_offices_bulkshifts.py:21: in _login
    assert r.status_code == 200, f"login failed: {r.status_code} {r.text}"
E   AssertionError: login failed: 401 {"detail":"Invalid email or password"}
E   assert 401 == 200
E    +  where 401 = &lt;Response [401]&gt;.status_code</error></testcase></testsuite></testsuites>