<?xml version="1.0" encoding="utf-8"?><testsuites name="pytest tests"><testsuite name="pytest" errors="0" failures="0" skipped="0" tests="2" time="1.739" timestamp="2026-08-17T10:54:04.002018+00:00" hostname="agent-env-d7671c39-82c9-46ef-b091-345c37021dd2"><testcase classname="tests.test_dispatch_iter24" name="test_work_order_filter_exact_target_and_no_match" time="0.880" /><testcase classname="tests.test_dispatch_iter24" name="test_dashboard_checked_in_then_checked_out_counts" time="0.534" /></testsuite></testsuites>