<?xml version="1.0" encoding="utf-8"?><testsuites name="pytest tests"><testsuite name="pytest" errors="0" failures="0" skipped="0" tests="28" time="8.155" timestamp="2026-08-17T09:20:27.385983+00:00" hostname="agent-env-d7671c39-82c9-46ef-b091-345c37021dd2"><testcase classname="tests.test_dispatch_iter14" name="test_health_and_admin_login_permissions" time="0.708" /><testcase classname="tests.test_dispatch_iter14" name="test_permission_registry_requires_auth_and_returns_codes" time="0.167" /><testcase classname="tests.test_dispatch_iter14" name="test_client_crud_soft_delete" time="0.489" /><testcase classname="tests.test_dispatch_actions_iter18" name="test_created_action_exists_with_complete_contract" time="1.331" /><testcase classname="tests.test_dispatch_actions_iter18" name="test_status_updates_and_full_action_history" time="0.682" /><testcase classname="tests.test_dispatch_iter14" name="test_vendor_crud_soft_delete" time="0.235" /><testcase classname="tests.test_dispatch_iter14" name="test_officer_status_transitions_and_invalid_status" time="0.994" /><testcase classname="tests.test_dispatch_actions_iter18" name="test_invalid_status_returns_400_without_mutation" time="0.260" /><testcase classname="tests.test_dispatch_actions_iter18" name="test_view_only_employee_actions_rbac" time="0.483" /><testcase classname="tests.test_dispatch_iter14" name="test_create_officer_invalid_status_is_400" time="0.082" /><testcase classname="tests.test_dispatch_iter14" name="test_post_pin_duplicate_is_rejected" time="0.078" /><testcase classname="tests.test_dispatch_iter14" name="test_schedule_duty_hours_are_backend_computed" time="0.152" /><testcase classname="tests.test_dispatch_actions_iter18" name="test_cancel_and_delete_are_logged" time="0.885" /><testcase classname="tests.test_dispatch_iter14" name="test_officer_overlapping_schedule_conflict_409" time="0.078" /><testcase classname="tests.test_dispatch_iter14" name="test_schedule_id_filters[officer_id-officer]" time="0.038" /><testcase classname="tests.test_dispatch_iter14" name="test_schedule_id_filters[vendor_id-vendor]" time="0.065" /><testcase classname="tests.test_dispatch_iter14" name="test_schedule_id_filters[client_id-client]" time="0.039" /><testcase classname="tests.test_dispatch_iter14" name="test_schedule_id_filters[post_site_id-post]" time="0.037" /><testcase classname="tests.test_dispatch_iter14" name="test_schedule_post_pin_regex_filter" time="0.036" /><testcase classname="tests.test_dispatch_iter14" name="test_schedule_enum_date_and_combined_filters" time="0.321" /><testcase classname="tests.test_dispatch_iter14" name="test_schedule_pagination_contract" time="0.047" /><testcase classname="tests.test_dispatch_iter14" name="test_confirmation_updates_schedule_and_history" time="0.285" /><testcase classname="tests.test_dispatch_iter14" name="test_employee_without_permissions_gets_403" time="0.639" /><testcase classname="tests.test_dispatch_iter14" name="test_employee_financial_fields_are_protected" time="0.874" /><testcase classname="tests.test_dispatch_iter14" name="test_create_employee_response_returns_supplied_permissions" time="0.302" /><testcase classname="tests.test_dispatch_iter14" name="test_hd_role_bypasses_dispatch_permissions" time="1.093" /><testcase classname="tests.test_dispatch_iter14" name="test_dashboard_stats_contract" time="0.084" /><testcase classname="tests.test_dispatch_iter14" name="test_existing_officeflow_core_endpoints_smoke" time="0.940" /></testsuite></testsuites>