<?xml version="1.0" encoding="utf-8"?><testsuites name="pytest tests"><testsuite name="pytest" errors="0" failures="0" skipped="0" tests="13" time="6.042" timestamp="2026-08-17T08:43:15.762031+00:00" hostname="agent-env-d7671c39-82c9-46ef-b091-345c37021dd2"><testcase classname="tests.test_dispatch_reports_roles_iter17" name="test_all_report_endpoints_return_valid_contract[/dispatch/reports/schedules]" time="1.158" /><testcase classname="tests.test_dispatch_reports_roles_iter17" name="test_all_report_endpoints_return_valid_contract[/dispatch/reports/by-officer]" time="0.077" /><testcase classname="tests.test_dispatch_reports_roles_iter17" name="test_all_report_endpoints_return_valid_contract[/dispatch/reports/by-post-site]" time="0.038" /><testcase classname="tests.test_dispatch_reports_roles_iter17" name="test_all_report_endpoints_return_valid_contract[/dispatch/reports/by-client]" time="0.079" /><testcase classname="tests.test_dispatch_reports_roles_iter17" name="test_all_report_endpoints_return_valid_contract[/dispatch/reports/by-vendor]" time="0.076" /><testcase classname="tests.test_dispatch_reports_roles_iter17" name="test_reports_require_view_and_export_permissions" time="0.558" /><testcase classname="tests.test_dispatch_reports_roles_iter17" name="test_export_permission_is_separate_from_view" time="0.797" /><testcase classname="tests.test_dispatch_reports_roles_iter17" name="test_report_date_range_over_92_days_is_rejected" time="0.043" /><testcase classname="tests.test_dispatch_reports_roles_iter17" name="test_by_officer_financial_aggregation_is_correct_for_super_admin" time="0.037" /><testcase classname="tests.test_dispatch_reports_roles_iter17" name="test_financial_fields_and_csv_columns_are_redacted_without_financial_permission" time="0.408" /><testcase classname="tests.test_dispatch_reports_roles_iter17" name="test_csv_export_has_expected_header_and_content_type" time="0.072" /><testcase classname="tests.test_dispatch_reports_roles_iter17" name="test_pdf_export_is_non_empty_valid_pdf" time="0.065" /><testcase classname="tests.test_dispatch_reports_roles_iter17" name="test_privileged_role_assignment_restrictions_and_super_admin_allowance" time="2.298" /></testsuite></testsuites>