<?xml version="1.0" encoding="utf-8"?><testsuites name="pytest tests"><testsuite name="pytest" errors="0" failures="0" skipped="0" tests="23" time="7.663" timestamp="2026-08-17T09:06:08.876730+00:00" hostname="agent-env-d7671c39-82c9-46ef-b091-345c37021dd2"><testcase classname="tests.test_dispatch_iter14" name="test_health_and_admin_login_permissions" time="0.508" /><testcase classname="tests.test_dispatch_iter14" name="test_permission_registry_requires_auth_and_returns_codes" time="0.183" /><testcase classname="tests.test_dispatch_iter14" name="test_client_crud_soft_delete" time="0.359" /><testcase classname="tests.test_dispatch_iter14" name="test_vendor_crud_soft_delete" time="0.362" /><testcase classname="tests.test_dispatch_iter14" name="test_officer_status_transitions_and_invalid_status" time="0.930" /><testcase classname="tests.test_dispatch_iter14" name="test_create_officer_invalid_status_is_400" time="0.078" /><testcase classname="tests.test_dispatch_iter14" name="test_post_pin_duplicate_is_rejected" time="0.034" /><testcase classname="tests.test_dispatch_iter14" name="test_schedule_duty_hours_are_backend_computed" time="0.113" /><testcase classname="tests.test_dispatch_iter14" name="test_officer_overlapping_schedule_conflict_409" time="0.079" /><testcase classname="tests.test_dispatch_iter14" name="test_schedule_id_filters[officer_id-officer]" time="0.039" /><testcase classname="tests.test_dispatch_iter14" name="test_schedule_id_filters[vendor_id-vendor]" time="0.040" /><testcase classname="tests.test_dispatch_iter14" name="test_schedule_id_filters[client_id-client]" time="0.038" /><testcase classname="tests.test_dispatch_iter14" name="test_schedule_id_filters[post_site_id-post]" time="0.039" /><testcase classname="tests.test_dispatch_iter14" name="test_schedule_post_pin_regex_filter" time="0.042" /><testcase classname="tests.test_dispatch_iter14" name="test_schedule_enum_date_and_combined_filters" time="0.229" /><testcase classname="tests.test_dispatch_iter14" name="test_schedule_pagination_contract" time="0.040" /><testcase classname="tests.test_dispatch_iter14" name="test_confirmation_updates_schedule_and_history" time="0.333" /><testcase classname="tests.test_dispatch_iter14" name="test_employee_without_permissions_gets_403" time="0.691" /><testcase classname="tests.test_dispatch_iter14" name="test_employee_financial_fields_are_protected" time="0.750" /><testcase classname="tests.test_dispatch_iter14" name="test_create_employee_response_returns_supplied_permissions" time="0.303" /><testcase classname="tests.test_dispatch_iter14" name="test_hd_role_bypasses_dispatch_permissions" time="1.123" /><testcase classname="tests.test_dispatch_iter14" name="test_dashboard_stats_contract" time="0.054" /><testcase classname="tests.test_dispatch_iter14" name="test_existing_officeflow_core_endpoints_smoke" time="0.933" /></testsuite></testsuites>