<?xml version="1.0" encoding="utf-8"?><testsuites name="pytest tests"><testsuite name="pytest" errors="0" failures="0" skipped="0" tests="5" time="3.724" timestamp="2026-08-17T09:20:09.491899+00:00" hostname="agent-env-d7671c39-82c9-46ef-b091-345c37021dd2"><testcase classname="tests.test_dispatch_actions_iter18" name="test_created_action_exists_with_complete_contract" time="1.247" /><testcase classname="tests.test_dispatch_actions_iter18" name="test_status_updates_and_full_action_history" time="0.512" /><testcase classname="tests.test_dispatch_actions_iter18" name="test_invalid_status_returns_400_without_mutation" time="0.216" /><testcase classname="tests.test_dispatch_actions_iter18" name="test_view_only_employee_actions_rbac" time="0.679" /><testcase classname="tests.test_dispatch_actions_iter18" name="test_cancel_and_delete_are_logged" time="0.734" /></testsuite></testsuites>