<?xml version="1.0" encoding="utf-8"?><testsuites name="pytest tests"><testsuite name="pytest" errors="0" failures="0" skipped="0" tests="6" time="3.800" timestamp="2026-08-17T09:25:50.341345+00:00" hostname="agent-env-d7671c39-82c9-46ef-b091-345c37021dd2"><testcase classname="tests.test_dispatch_edit_clear_iter19" name="test_clear_remarks_persists_and_audits" time="1.617" /><testcase classname="tests.test_dispatch_actions_iter18" name="test_created_action_exists_with_complete_contract" time="1.304" /><testcase classname="tests.test_dispatch_actions_iter18" name="test_status_updates_and_full_action_history" time="0.573" /><testcase classname="tests.test_dispatch_actions_iter18" name="test_invalid_status_returns_400_without_mutation" time="0.203" /><testcase classname="tests.test_dispatch_actions_iter18" name="test_view_only_employee_actions_rbac" time="0.428" /><testcase classname="tests.test_dispatch_actions_iter18" name="test_cancel_and_delete_are_logged" time="0.950" /></testsuite></testsuites>