<?xml version="1.0" encoding="utf-8"?><testsuites name="pytest tests"><testsuite name="pytest" errors="0" failures="0" skipped="0" tests="13" time="2.919" timestamp="2026-08-17T11:27:36.880400+00:00" hostname="agent-env-d7671c39-82c9-46ef-b091-345c37021dd2"><testcase classname="tests.test_dispatch_iter25" name="test_entity_detail_validation" time="1.539" /><testcase classname="tests.test_dispatch_iter25" name="test_entity_detail_contract_for_each_entity[officer]" time="0.037" /><testcase classname="tests.test_dispatch_iter25" name="test_entity_detail_contract_for_each_entity[client]" time="0.055" /><testcase classname="tests.test_dispatch_iter25" name="test_entity_detail_contract_for_each_entity[vendor]" time="0.104" /><testcase classname="tests.test_dispatch_iter25" name="test_entity_detail_contract_for_each_entity[post_site]" time="0.035" /><testcase classname="tests.test_dispatch_iter25" name="test_entity_detail_summary_aggregates" time="0.035" /><testcase classname="tests.test_dispatch_iter25" name="test_entity_detail_admin_item_financial_fields_and_values" time="0.036" /><testcase classname="tests.test_dispatch_iter25" name="test_entity_detail_financial_redaction_without_permission" time="0.057" /><testcase classname="tests.test_dispatch_iter25" name="test_entity_detail_selected_columns_csv" time="0.036" /><testcase classname="tests.test_dispatch_iter25" name="test_entity_detail_selected_columns_csv_dedupes_and_drops_unknowns" time="0.039" /><testcase classname="tests.test_dispatch_iter25" name="test_entity_detail_pdf_export" time="0.047" /><testcase classname="tests.test_dispatch_iter25" name="test_entity_detail_export_financial_columns_redacted" time="0.080" /><testcase classname="tests.test_dispatch_iter25" name="test_status_remark_is_persisted_to_full_history" time="0.483" /></testsuite></testsuites>