<?xml version="1.0" encoding="utf-8"?><testsuites name="pytest tests"><testsuite name="pytest" errors="0" failures="0" skipped="0" tests="21" time="6.119" timestamp="2026-08-05T09:13:49.663092+00:00" hostname="agent-env-080627b4-3c4e-4017-9e30-e52844a43224"><testcase classname="tests.test_iter9_offices_multisession_email.TestOfficeLocations" name="test_non_admin_create_403" time="0.812" /><testcase classname="tests.test_iter9_offices_multisession_email.TestRegression" name="test_auth_me" time="1.428" /><testcase classname="tests.test_iter9_offices_multisession_email.TestOfficeLocations" name="test_admin_create" time="0.614" /><testcase classname="tests.test_iter9_offices_multisession_email.TestOfficeLocations" name="test_list_offices_authenticated" time="0.079" /><testcase classname="tests.test_iter9_offices_multisession_email.TestRegression" name="test_settings_public" time="0.158" /><testcase classname="tests.test_iter9_offices_multisession_email.TestOfficeLocations" name="test_update_office" time="0.122" /><testcase classname="tests.test_iter9_offices_multisession_email.TestRegression" name="test_admin_stats" time="0.082" /><testcase classname="tests.test_iter9_offices_multisession_email.TestOfficeLocations" name="test_nearest_missing_params" time="0.082" /><testcase classname="tests.test_iter9_offices_multisession_email.TestRegression" name="test_leaves_list" time="0.086" /><testcase classname="tests.test_iter9_offices_multisession_email.TestOfficeLocations" name="test_nearest_within_and_distance" time="0.198" /><testcase classname="tests.test_iter9_offices_multisession_email.TestRegression" name="test_shifts_list" time="0.088" /><testcase classname="tests.test_iter9_offices_multisession_email.TestRegression" name="test_notifications" time="0.084" /><testcase classname="tests.test_iter9_offices_multisession_email.TestOfficeLocations" name="test_delete_office" time="0.079" /><testcase classname="tests.test_iter9_offices_multisession_email.TestPayrollEmail" name="test_create_payroll_no_resend_key" time="0.201" /><testcase classname="tests.test_iter9_offices_multisession_email.TestOfficeLocations" name="test_nearest_no_offices_returns_null" time="0.006" /><testcase classname="tests.test_iter9_offices_multisession_email.TestAttendanceMultiSession" name="test_multi_session_cycles" time="2.981" /><testcase classname="tests.test_iter9_offices_multisession_email.TestPayrollEmail" name="test_resend_endpoint_no_api_key" time="0.088" /><testcase classname="tests.test_iter9_offices_multisession_email.TestPayrollEmail" name="test_resend_forbidden_for_employee" time="0.084" /><testcase classname="tests.test_iter9_offices_multisession_email.TestPayrollEmail" name="test_resend_404_missing" time="0.078" /><testcase classname="tests.test_iter9_offices_multisession_email.TestAttendanceMultiSession" name="test_legacy_backfill" time="0.163" /><testcase classname="tests.test_iter9_offices_multisession_email.TestGPSEmployee" name="test_start_stop" time="0.171" /></testsuite></testsuites>