<?xml version="1.0" encoding="utf-8"?><testsuites name="pytest tests"><testsuite name="pytest" errors="0" failures="0" skipped="0" tests="17" time="8.465" timestamp="2026-08-05T08:14:36.839132+00:00" hostname="agent-env-080627b4-3c4e-4017-9e30-e52844a43224"><testcase classname="tests.test_iter7_comments_overtime" name="test_admin_register_preserves_admin_session" time="0.899" /><testcase classname="tests.test_iter7_comments_overtime" name="test_anon_register_blocked_with_message" time="0.160" /><testcase classname="tests.test_iter7_comments_overtime" name="test_dashboard_stats_has_new_keys" time="0.470" /><testcase classname="tests.test_iter7_comments_overtime" name="test_list_comments_empty_initially" time="0.594" /><testcase classname="tests.test_iter7_comments_overtime" name="test_post_comment_empty_body_rejected" time="0.077" /><testcase classname="tests.test_iter7_comments_overtime" name="test_admin_post_comment_notifies_employee" time="0.663" /><testcase classname="tests.test_iter7_comments_overtime" name="test_employee_post_comment_notifies_admins" time="0.661" /><testcase classname="tests.test_iter7_comments_overtime" name="test_other_employee_cannot_access_comments" time="0.767" /><testcase classname="tests.test_iter7_comments_overtime" name="test_list_comments_returns_posted" time="0.082" /><testcase classname="tests.test_iter7_comments_overtime" name="test_overtime_autocreated_on_end_shift" time="2.285" /><testcase classname="tests.test_iter7_comments_overtime" name="test_overtime_idempotent" time="0.079" /><testcase classname="tests.test_iter7_comments_overtime" name="test_employee_sees_only_own_overtime" time="0.078" /><testcase classname="tests.test_iter7_comments_overtime" name="test_admin_dashboard_reflects_pending_overtime" time="0.081" /><testcase classname="tests.test_iter7_comments_overtime" name="test_approve_overtime" time="0.534" /><testcase classname="tests.test_iter7_comments_overtime" name="test_approve_non_pending_returns_400" time="0.079" /><testcase classname="tests.test_iter7_comments_overtime" name="test_reject_flow_separate_request" time="0.825" /><testcase classname="tests.test_iter7_comments_overtime" name="test_employee_cannot_approve" time="0.077" /></testsuite></testsuites>