<?xml version="1.0" encoding="utf-8"?><testsuites name="pytest tests"><testsuite name="pytest" errors="0" failures="0" skipped="0" tests="18" time="6.459" timestamp="2026-08-05T10:08:30.372386+00:00" hostname="agent-env-080627b4-3c4e-4017-9e30-e52844a43224"><testcase classname="tests.test_iter12_offices_bulkshifts.TestOfficeGeocoding" name="test_geocode_valid_address" time="1.842" /><testcase classname="tests.test_iter12_offices_bulkshifts.TestOfficeGeocoding" name="test_geocode_missing_address" time="0.081" /><testcase classname="tests.test_iter12_offices_bulkshifts.TestOfficeGeocoding" name="test_geocode_available_to_employee" time="1.724" /><testcase classname="tests.test_iter12_offices_bulkshifts.TestOfficeCreate" name="test_create_office_address_only" time="1.346" /><testcase classname="tests.test_iter12_offices_bulkshifts.TestOfficeCreate" name="test_create_office_name_only_400" time="0.082" /><testcase classname="tests.test_iter12_offices_bulkshifts.TestOfficeCreate" name="test_create_office_with_explicit_coords" time="0.079" /><testcase classname="tests.test_iter12_offices_bulkshifts.TestOfficeCreate" name="test_cleanup" time="0.164" /><testcase classname="tests.test_iter12_offices_bulkshifts.TestBulkShifts" name="test_bulk_create_success" time="0.178" /><testcase classname="tests.test_iter12_offices_bulkshifts.TestBulkShifts" name="test_bulk_overlap_skip" time="0.080" /><testcase classname="tests.test_iter12_offices_bulkshifts.TestBulkShifts" name="test_bulk_empty_users_400" time="0.081" /><testcase classname="tests.test_iter12_offices_bulkshifts.TestBulkShifts" name="test_bulk_empty_days_400" time="0.080" /><testcase classname="tests.test_iter12_offices_bulkshifts.TestBulkShifts" name="test_bulk_employee_403" time="0.078" /><testcase classname="tests.test_iter12_offices_bulkshifts.TestBulkShifts" name="test_cleanup_shifts" time="0.166" /><testcase classname="tests.test_iter12_offices_bulkshifts.TestReports" name="test_summary_admin" time="0.085" /><testcase classname="tests.test_iter12_offices_bulkshifts.TestReports" name="test_attendance_admin" time="0.082" /><testcase classname="tests.test_iter12_offices_bulkshifts.TestReports" name="test_payroll_admin" time="0.082" /><testcase classname="tests.test_iter12_offices_bulkshifts.TestReports" name="test_overtime_admin" time="0.081" /><testcase classname="tests.test_iter12_offices_bulkshifts.TestReports" name="test_reports_employee_403" time="0.076" /></testsuite></testsuites>