<?xml version="1.0" encoding="utf-8"?><testsuites name="pytest tests"><testsuite name="pytest" errors="0" failures="0" skipped="0" tests="14" time="5.250" timestamp="2026-08-05T08:45:03.964291+00:00" hostname="agent-env-080627b4-3c4e-4017-9e30-e52844a43224"><testcase classname="tests.test_iter8_settings_payroll_tz" name="test_settings_public_no_auth" time="0.277" /><testcase classname="tests.test_iter8_settings_payroll_tz" name="test_settings_auth_returns_timezone" time="0.459" /><testcase classname="tests.test_iter8_settings_payroll_tz" name="test_settings_currencies_list" time="0.149" /><testcase classname="tests.test_iter8_settings_payroll_tz" name="test_settings_timezones_list" time="0.151" /><testcase classname="tests.test_iter8_settings_payroll_tz" name="test_settings_put_non_admin_forbidden" time="0.472" /><testcase classname="tests.test_iter8_settings_payroll_tz" name="test_settings_put_admin_updates_and_derives" time="0.306" /><testcase classname="tests.test_iter8_settings_payroll_tz" name="test_create_employee_with_password_can_login" time="0.677" /><testcase classname="tests.test_iter8_settings_payroll_tz" name="test_create_employee_default_password_welcome" time="0.682" /><testcase classname="tests.test_iter8_settings_payroll_tz" name="test_payroll_pdf_admin_downloads" time="0.225" /><testcase classname="tests.test_iter8_settings_payroll_tz" name="test_payroll_pdf_employee_own" time="0.090" /><testcase classname="tests.test_iter8_settings_payroll_tz" name="test_payroll_pdf_other_employee_forbidden" time="0.788" /><testcase classname="tests.test_iter8_settings_payroll_tz" name="test_shift_join_uses_dhaka_late_calculation" time="0.182" /><testcase classname="tests.test_iter8_settings_payroll_tz" name="test_employee_status_falls_back_to_checkin_location" time="0.088" /><testcase classname="tests.test_iter8_settings_payroll_tz" name="test_regression_endpoints_up" time="0.551" /></testsuite></testsuites>