<?xml version="1.0" encoding="utf-8"?><testsuites name="pytest tests"><testsuite name="pytest" errors="0" failures="1" skipped="0" tests="27" time="4.964" timestamp="2026-08-05T09:51:20.511528+00:00" hostname="agent-env-080627b4-3c4e-4017-9e30-e52844a43224"><testcase classname="tests.test_iter10_reports_employee_edit.TestAuth" name="test_admin_me" time="0.592" /><testcase classname="tests.test_iter10_reports_employee_edit.TestReports" name="test_summary_admin" time="0.089" /><testcase classname="tests.test_iter10_reports_employee_edit.TestReports" name="test_summary_month_year" time="0.086" /><testcase classname="tests.test_iter10_reports_employee_edit.TestReports" name="test_summary_forbidden_for_employee" time="0.454" /><testcase classname="tests.test_iter10_reports_employee_edit.TestReports" name="test_attendance_report" time="0.082" /><testcase classname="tests.test_iter10_reports_employee_edit.TestReports" name="test_attendance_report_forbidden" time="0.077" /><testcase classname="tests.test_iter10_reports_employee_edit.TestReports" name="test_payroll_report" time="0.084" /><testcase classname="tests.test_iter10_reports_employee_edit.TestReports" name="test_overtime_report" time="0.082" /><testcase classname="tests.test_iter10_reports_employee_edit.TestEmployeeEdit" name="test_update_name_salary_role" time="0.474" /><testcase classname="tests.test_iter10_reports_employee_edit.TestEmployeeEdit" name="test_suspend_status" time="0.169" /><testcase classname="tests.test_iter10_reports_employee_edit.TestEmployeeEdit" name="test_password_change_and_login" time="0.691" /><testcase classname="tests.test_iter10_reports_employee_edit.TestEmployeeEdit" name="test_password_too_short" time="0.085" /><testcase classname="tests.test_iter10_reports_employee_edit.TestEmployeeEdit" name="test_delete_sets_inactive" time="0.477" /><testcase classname="tests.test_iter10_reports_employee_edit.TestEmployeeEdit" name="test_non_admin_cannot_edit" time="0.162" /><testcase classname="tests.test_iter10_reports_employee_edit.TestOfficeLocations" name="test_list_offices" time="0.090" /><testcase classname="tests.test_iter10_reports_employee_edit.TestRegression" name="test_endpoints_accessible[/shifts]" time="0.088" /><testcase classname="tests.test_iter10_reports_employee_edit.TestRegression" name="test_endpoints_accessible[/overtime]" time="0.084" /><testcase classname="tests.test_iter10_reports_employee_edit.TestRegression" name="test_endpoints_accessible[/leaves]" time="0.082" /><testcase classname="tests.test_iter10_reports_employee_edit.TestRegression" name="test_endpoints_accessible[/notifications]" time="0.084" /><testcase classname="tests.test_iter10_reports_employee_edit.TestRegression" name="test_endpoints_accessible[/admin/dashboard-stats]" time="0.088" /><testcase classname="tests.test_iter10_reports_employee_edit.TestRegression" name="test_endpoints_accessible[/admin/employee-status]" time="0.093" /><testcase classname="tests.test_iter10_reports_employee_edit.TestRegression" name="test_endpoints_accessible[/settings]" time="0.082" /><testcase classname="tests.test_iter10_reports_employee_edit.TestRegression" name="test_endpoints_accessible[/attendance]" time="0.080"><failure message="AssertionError: /attendance =&gt; 404 {&quot;detail&quot;:&quot;Not Found&quot;}&#10;assert 404 in (200, 201)&#10; +  where 404 = &lt;Response [404]&gt;.status_code">backend/tests/test_iter10_reports_employee_edit.py:219: in test_endpoints_accessible
    assert r.status_code in (200, 201), f"{path} =&gt; {r.status_code} {r.text[:200]}"
E   AssertionError: /attendance =&gt; 404 {"detail":"Not Found"}
E   assert 404 in (200, 201)
E    +  where 404 = &lt;Response [404]&gt;.status_code</failure></testcase><testcase classname="tests.test_iter10_reports_employee_edit.TestRegression" name="test_endpoints_accessible[/office-locations]" time="0.084" /><testcase classname="tests.test_iter10_reports_employee_edit.TestRegression" name="test_endpoints_accessible[/companies]" time="0.082" /><testcase classname="tests.test_iter10_reports_employee_edit.TestRegression" name="test_settings_public" time="0.153" /><testcase classname="tests.test_iter10_reports_employee_edit.TestRegression" name="test_currencies_and_timezones" time="0.162" /></testsuite></testsuites>