<?xml version="1.0" encoding="utf-8"?><testsuites name="pytest tests"><testsuite name="pytest" errors="0" failures="1" skipped="0" tests="19" time="2.013" timestamp="2026-08-02T20:26:36.284988+00:00" hostname="agent-env-080627b4-3c4e-4017-9e30-e52844a43224"><testcase classname="tests.backend_test.TestHealth" name="test_health" time="0.003" /><testcase classname="tests.backend_test.TestHealth" name="test_root" time="0.002" /><testcase classname="tests.backend_test.TestAuth" name="test_login_success_sets_cookies" time="0.229" /><testcase classname="tests.backend_test.TestAuth" name="test_login_invalid" time="0.227" /><testcase classname="tests.backend_test.TestAuth" name="test_me_with_cookie" time="0.275" /><testcase classname="tests.backend_test.TestAuth" name="test_me_without_auth" time="0.002" /><testcase classname="tests.backend_test.TestAuth" name="test_logout" time="0.266" /><testcase classname="tests.backend_test.TestCompanies" name="test_list_companies" time="0.002" /><testcase classname="tests.backend_test.TestCompanies" name="test_create_get_delete_company" time="0.182" /><testcase classname="tests.backend_test.TestEmployees" name="test_list_employees" time="0.042" /><testcase classname="tests.backend_test.TestAttendance" name="test_today_shape" time="0.043" /><testcase classname="tests.backend_test.TestAttendance" name="test_history" time="0.043" /><testcase classname="tests.backend_test.TestAttendance" name="test_stats" time="0.043" /><testcase classname="tests.backend_test.TestGPS" name="test_active_no_session" time="0.043" /><testcase classname="tests.backend_test.TestGPS" name="test_history" time="0.043" /><testcase classname="tests.backend_test.TestTasks" name="test_list_tasks" time="0.044" /><testcase classname="tests.backend_test.TestTasks" name="test_create_get_update_delete_task" time="0.259" /><testcase classname="tests.backend_test.TestTasks" name="test_task_stats" time="0.043" /><testcase classname="tests.backend_test.TestPublicIngress" name="test_public_health" time="0.135"><failure message="AssertionError: Public preview /api/health -&gt; 404. Preview ingress not routing to backend.&#10;assert 404 == 200&#10; +  where 404 = &lt;Response [404]&gt;.status_code">backend/tests/backend_test.py:237: in test_public_health
    assert r.status_code == 200, (
E   AssertionError: Public preview /api/health -&gt; 404. Preview ingress not routing to backend.
E   assert 404 == 200
E    +  where 404 = &lt;Response [404]&gt;.status_code</failure></testcase></testsuite></testsuites>