<?xml version="1.0" encoding="utf-8"?><testsuites name="pytest tests"><testsuite name="pytest" errors="0" failures="0" skipped="0" tests="10" time="2.667" timestamp="2026-08-05T07:12:01.930265+00:00" hostname="agent-env-080627b4-3c4e-4017-9e30-e52844a43224"><testcase classname="tests.test_rbac_and_gps.TestRBACEmployee" name="test_employee_role" time="0.402" /><testcase classname="tests.test_rbac_and_gps.TestRBACEmployee" name="test_employee_cannot_list_companies" time="0.076" /><testcase classname="tests.test_rbac_and_gps.TestRBACEmployee" name="test_employee_cannot_list_employees" time="0.079" /><testcase classname="tests.test_rbac_and_gps.TestRBACEmployee" name="test_employee_cannot_create_task" time="0.082" /><testcase classname="tests.test_rbac_and_gps.TestRBACEmployee" name="test_employee_task_list_filtered" time="1.030" /><testcase classname="tests.test_rbac_and_gps.TestRBACAdmin" name="test_admin_companies" time="0.078" /><testcase classname="tests.test_rbac_and_gps.TestRBACAdmin" name="test_admin_employees" time="0.078" /><testcase classname="tests.test_rbac_and_gps.TestRBACAdmin" name="test_admin_tasks" time="0.078" /><testcase classname="tests.test_rbac_and_gps.TestRBACAdmin" name="test_admin_can_create_task" time="0.162" /><testcase classname="tests.test_rbac_and_gps.TestAutoGPS" name="test_auto_gps_lifecycle" time="0.553" /></testsuite></testsuites>