<?xml version="1.0" encoding="utf-8"?><testsuites name="pytest tests"><testsuite name="pytest" errors="0" failures="0" skipped="0" tests="14" time="4.102" timestamp="2026-08-05T07:59:09.222149+00:00" hostname="agent-env-080627b4-3c4e-4017-9e30-e52844a43224"><testcase classname="tests.test_shifts_payroll_notifications" name="test_anon_register_forbidden" time="0.266" /><testcase classname="tests.test_shifts_payroll_notifications" name="test_admin_can_still_register" time="0.729" /><testcase classname="tests.test_shifts_payroll_notifications" name="test_employee_cannot_create_shift" time="1.427" /><testcase classname="tests.test_shifts_payroll_notifications" name="test_admin_shift_created_ok" time="0.077" /><testcase classname="tests.test_shifts_payroll_notifications" name="test_employee_get_shifts_only_own" time="0.078" /><testcase classname="tests.test_shifts_payroll_notifications" name="test_admin_get_all_shifts" time="0.077" /><testcase classname="tests.test_shifts_payroll_notifications" name="test_join_by_wrong_user_forbidden" time="0.077" /><testcase classname="tests.test_shifts_payroll_notifications" name="test_join_shift_and_gps_active" time="0.179" /><testcase classname="tests.test_shifts_payroll_notifications" name="test_join_twice_blocked" time="0.079" /><testcase classname="tests.test_shifts_payroll_notifications" name="test_end_shift_and_gps_stopped" time="0.160" /><testcase classname="tests.test_shifts_payroll_notifications" name="test_cancel_shift_creates_admin_notification" time="0.244" /><testcase classname="tests.test_shifts_payroll_notifications" name="test_notifications_mark_read_flow" time="0.309" /><testcase classname="tests.test_shifts_payroll_notifications" name="test_payroll_preview_auto_computes" time="0.083" /><testcase classname="tests.test_shifts_payroll_notifications" name="test_payroll_create_and_duplicate_blocked" time="0.246" /></testsuite></testsuites>